<?xml version="1.0" encoding="UTF-8"?>
<testsuite xmlns:xsi="http://www.w3.org/2001/XMLSchema-instance" xsi:noNamespaceSchemaLocation="https://maven.apache.org/surefire/maven-surefire-plugin/xsd/surefire-test-report-3.0.xsd" version="3.0" name="com.raksul.idplatform.AuthControllerTests" time="15.913" tests="5" errors="0" skipped="0" failures="0">
  <properties>
[...]
</properties>
  <testcase name="registerDuplicateEmailFails" classname="com.raksul.idplatform.AuthControllerTests" time="2.395">
    <system-out><![CDATA[23:38:29.851 [main] INFO org.springframework.test.context.support.AnnotationConfigContextLoaderUtils -- Could not detect default configuration classes for test class [com.raksul.idplatform.AuthControllerTests]: AuthControllerTests does not declare any static, non-private, non-final, nested classes annotated with @Configuration.
23:38:29.972 [main] INFO org.springframework.boot.test.context.SpringBootTestContextBootstrapper -- Found @SpringBootConfiguration com.raksul.idplatform.IdPlatformApplication for test class com.raksul.idplatform.AuthControllerTests

  .   ____          _            __ _ _
 /\\ / ___'_ __ _ _(_)_ __  __ _ \ \ \ \
( ( )\___ | '_ | '_| | '_ \/ _` | \ \ \ \
 \\/  ___)| |_)| | | | | || (_| |  ) ) ) )
  '  |____| .__|_| |_|_| |_\__, | / / / /
 =========|_|==============|___/=/_/_/_/
 :: Spring Boot ::                (v3.2.5)

2026-07-25T23:38:30.599+05:30  INFO 34700 --- [id-platform-test] [           main] c.raksul.idplatform.AuthControllerTests  : Starting AuthControllerTests using Java 17.0.19 with PID 34700 (started by shiva in C:\Users\shiva\Videos\assignment\raksul-id-platform-demo\id-platform)
2026-07-25T23:38:30.602+05:30 DEBUG 34700 --- [id-platform-test] [           main] c.raksul.idplatform.AuthControllerTests  : Running with Spring Boot v3.2.5, Spring v6.1.6
2026-07-25T23:38:30.605+05:30  INFO 34700 --- [id-platform-test] [           main] c.raksul.idplatform.AuthControllerTests  : No active profile set, falling back to 1 default profile: "default"
2026-07-25T23:38:31.583+05:30  INFO 34700 --- [id-platform-test] [           main] .s.d.r.c.RepositoryConfigurationDelegate : Bootstrapping Spring Data JPA repositories in DEFAULT mode.
2026-07-25T23:38:31.686+05:30  INFO 34700 --- [id-platform-test] [           main] .s.d.r.c.RepositoryConfigurationDelegate : Finished Spring Data repository scanning in 86 ms. Found 4 JPA repository interfaces.
2026-07-25T23:38:33.385+05:30  INFO 34700 --- [id-platform-test] [           main] o.s.b.w.embedded.tomcat.TomcatWebServer  : Tomcat initialized with port 0 (http)
2026-07-25T23:38:33.412+05:30  INFO 34700 --- [id-platform-test] [           main] o.apache.catalina.core.StandardService   : Starting service [Tomcat]
2026-07-25T23:38:33.412+05:30  INFO 34700 --- [id-platform-test] [           main] o.apache.catalina.core.StandardEngine    : Starting Servlet engine: [Apache Tomcat/10.1.20]
2026-07-25T23:38:33.680+05:30  INFO 34700 --- [id-platform-test] [           main] o.a.c.c.C.[Tomcat].[localhost].[/]       : Initializing Spring embedded WebApplicationContext
2026-07-25T23:38:33.681+05:30  INFO 34700 --- [id-platform-test] [           main] w.s.c.ServletWebServerApplicationContext : Root WebApplicationContext: initialization completed in 3048 ms
2026-07-25T23:38:34.118+05:30  INFO 34700 --- [id-platform-test] [           main] o.hibernate.jpa.internal.util.LogHelper  : HHH000204: Processing PersistenceUnitInfo [name: default]
2026-07-25T23:38:34.324+05:30  INFO 34700 --- [id-platform-test] [           main] org.hibernate.Version                    : HHH000412: Hibernate ORM core version 6.4.4.Final
2026-07-25T23:38:34.462+05:30  INFO 34700 --- [id-platform-test] [           main] o.h.c.internal.RegionFactoryInitiator    : HHH000026: Second-level cache disabled
2026-07-25T23:38:35.270+05:30  INFO 34700 --- [id-platform-test] [           main] o.s.o.j.p.SpringPersistenceUnitInfo      : No LoadTimeWeaver setup: ignoring JPA class transformer
2026-07-25T23:38:35.389+05:30  INFO 34700 --- [id-platform-test] [           main] com.zaxxer.hikari.HikariDataSource       : HikariPool-1 - Starting...
2026-07-25T23:38:35.954+05:30  INFO 34700 --- [id-platform-test] [           main] com.zaxxer.hikari.pool.HikariPool        : HikariPool-1 - Added connection conn0: url=jdbc:h2:mem:testdb user=SA
2026-07-25T23:38:35.961+05:30  INFO 34700 --- [id-platform-test] [           main] com.zaxxer.hikari.HikariDataSource       : HikariPool-1 - Start completed.
2026-07-25T23:38:36.034+05:30  WARN 34700 --- [id-platform-test] [           main] org.hibernate.orm.deprecation            : HHH90000025: H2Dialect does not need to be specified explicitly using 'hibernate.dialect' (remove the property setting and it will be selected by default)
2026-07-25T23:38:38.715+05:30  INFO 34700 --- [id-platform-test] [           main] o.h.e.t.j.p.i.JtaPlatformInitiator       : HHH000489: No JTA platform available (set 'hibernate.transaction.jta.platform' to enable JTA platform integration)
2026-07-25T23:38:38.812+05:30  INFO 34700 --- [id-platform-test] [           main] j.LocalContainerEntityManagerFactoryBean : Initialized JPA EntityManagerFactory for persistence unit 'default'
2026-07-25T23:38:39.190+05:30  INFO 34700 --- [id-platform-test] [           main] o.s.d.j.r.query.QueryEnhancerFactory     : Hibernate is in classpath; If applicable, HQL parser will be used.
2026-07-25T23:38:39.956+05:30 DEBUG 34700 --- [id-platform-test] [           main] c.r.idplatform.security.ZeroTrustFilter  : Filter 'zeroTrustFilter' configured for use
2026-07-25T23:38:40.350+05:30  INFO 34700 --- [id-platform-test] [           main] c.raksul.idplatform.service.OidcService  : Loaded 2 OIDC clients: [main-site, ma-site]
2026-07-25T23:38:40.869+05:30  WARN 34700 --- [id-platform-test] [           main] JpaBaseConfiguration$JpaWebConfiguration : spring.jpa.open-in-view is enabled by default. Therefore, database queries may be performed during view rendering. Explicitly configure spring.jpa.open-in-view to disable this warning
2026-07-25T23:38:40.894+05:30  WARN 34700 --- [id-platform-test] [           main] .s.s.UserDetailsServiceAutoConfiguration : 

Using generated security password: e7f2109d-5182-4e12-adfa-cc83126a67ab

This generated password is for development use only. Your security configuration must be updated before running your application in production.

2026-07-25T23:38:41.405+05:30  INFO 34700 --- [id-platform-test] [           main] o.s.s.web.DefaultSecurityFilterChain     : Will secure any request with [org.springframework.security.web.session.DisableEncodeUrlFilter@59aa646e, org.springframework.security.web.context.request.async.WebAsyncManagerIntegrationFilter@541c32de, org.springframework.security.web.context.SecurityContextHolderFilter@150eab74, org.springframework.security.web.header.HeaderWriterFilter@531bffd, org.springframework.web.filter.CorsFilter@22120799, org.springframework.security.web.authentication.logout.LogoutFilter@63c78e5e, com.raksul.idplatform.security.ZeroTrustFilter@75f67fe5, org.springframework.security.web.savedrequest.RequestCacheAwareFilter@43f670f3, org.springframework.security.web.servletapi.SecurityContextHolderAwareRequestFilter@6311640d, org.springframework.security.web.authentication.AnonymousAuthenticationFilter@3adbfd16, org.springframework.security.web.session.SessionManagementFilter@5f49c09d, org.springframework.security.web.access.ExceptionTranslationFilter@1659a0ff, org.springframework.security.web.access.intercept.AuthorizationFilter@4a48fe63]
2026-07-25T23:38:41.962+05:30  INFO 34700 --- [id-platform-test] [           main] o.s.b.w.embedded.tomcat.TomcatWebServer  : Tomcat started on port 57604 (http) with context path ''
2026-07-25T23:38:41.991+05:30  INFO 34700 --- [id-platform-test] [           main] c.raksul.idplatform.AuthControllerTests  : Started AuthControllerTests in 11.797 seconds (process running for 13.024)
2026-07-25T23:38:43.109+05:30  INFO 34700 --- [id-platform-test] [o-auto-1-exec-1] o.a.c.c.C.[Tomcat].[localhost].[/]       : Initializing Spring DispatcherServlet 'dispatcherServlet'
2026-07-25T23:38:43.109+05:30  INFO 34700 --- [id-platform-test] [o-auto-1-exec-1] o.s.web.servlet.DispatcherServlet        : Initializing Servlet 'dispatcherServlet'
2026-07-25T23:38:43.111+05:30  INFO 34700 --- [id-platform-test] [o-auto-1-exec-1] o.s.web.servlet.DispatcherServlet        : Completed initialization in 2 ms
2026-07-25T23:38:43.903+05:30  INFO 34700 --- [id-platform-test] [o-auto-1-exec-1] c.raksul.idplatform.service.AuthService  : New user registered: dup@test.com (ID: 1)
]]></system-out>
  </testcase>
  <testcase name="loginWithInvalidPasswordFails" classname="com.raksul.idplatform.AuthControllerTests" time="0.489">
    <system-out><![CDATA[2026-07-25T23:38:44.617+05:30  INFO 34700 --- [id-platform-test] [o-auto-1-exec-3] c.raksul.idplatform.service.AuthService  : New user registered: wrong@test.com (ID: 2)
]]></system-out>
  </testcase>
  <testcase name="loginWithValidCredentials" classname="com.raksul.idplatform.AuthControllerTests" time="0.411">
    <system-out><![CDATA[2026-07-25T23:38:45.080+05:30  INFO 34700 --- [id-platform-test] [o-auto-1-exec-5] c.raksul.idplatform.service.AuthService  : New user registered: login@test.com (ID: 3)
2026-07-25T23:38:45.286+05:30  INFO 34700 --- [id-platform-test] [o-auto-1-exec-6] c.raksul.idplatform.service.AuthService  : User logged in: login@test.com (ID: 3)
]]></system-out>
  </testcase>
  <testcase name="loginWithNonexistentUserFails" classname="com.raksul.idplatform.AuthControllerTests" time="0.031"/>
  <testcase name="registerNewUser" classname="com.raksul.idplatform.AuthControllerTests" time="0.222">
    <system-out><![CDATA[2026-07-25T23:38:45.545+05:30  INFO 34700 --- [id-platform-test] [o-auto-1-exec-8] c.raksul.idplatform.service.AuthService  : New user registered: newuser@test.com (ID: 4)
]]></system-out>
  </testcase>
</testsuite>