<?xml version="1.0" encoding="UTF-8"?>
<testsuite xmlns:xsi="http://www.w3.org/2001/XMLSchema-instance" xsi:noNamespaceSchemaLocation="https://maven.apache.org/surefire/maven-surefire-plugin/xsd/surefire-test-report-3.0.xsd" version="3.0" name="com.raksul.idplatform.MigrationControllerTests" time="0.553" tests="7" errors="0" skipped="0" failures="0">
  <properties>
[...]
</properties>
  <testcase name="fullMigrationLifecycle" classname="com.raksul.idplatform.MigrationControllerTests" time="0.193">
    <system-out><![CDATA[2026-07-25T23:38:45.725+05:30  INFO 34700 --- [id-platform-test] [           main] t.c.s.AnnotationConfigContextLoaderUtils : Could not detect default configuration classes for test class [com.raksul.idplatform.MigrationControllerTests]: MigrationControllerTests does not declare any static, non-private, non-final, nested classes annotated with @Configuration.
2026-07-25T23:38:45.730+05:30  INFO 34700 --- [id-platform-test] [           main] .b.t.c.SpringBootTestContextBootstrapper : Found @SpringBootConfiguration com.raksul.idplatform.IdPlatformApplication for test class com.raksul.idplatform.MigrationControllerTests
2026-07-25T23:38:45.767+05:30  INFO 34700 --- [id-platform-test] [o-auto-1-exec-2] c.r.idplatform.service.MigrationService  : Starting bulk import for site: ma with 1 users
2026-07-25T23:38:45.777+05:30  INFO 34700 --- [id-platform-test] [o-auto-1-exec-2] c.r.idplatform.service.MigrationService  : Imported new user: lifecycle@test.com from ma
2026-07-25T23:38:45.783+05:30  INFO 34700 --- [id-platform-test] [o-auto-1-exec-2] c.r.idplatform.service.MigrationService  : Bulk import complete for ma: Import complete: 1 new, 0 merged, 0 conflicts out of 1 total
2026-07-25T23:38:45.857+05:30  INFO 34700 --- [id-platform-test] [o-auto-1-exec-4] c.r.idplatform.service.MigrationService  : Starting cutover for site: ma
2026-07-25T23:38:45.863+05:30  INFO 34700 --- [id-platform-test] [o-auto-1-exec-4] c.r.idplatform.service.MigrationService  : Cutover complete for ma: {site=ma, phase=CUTOVER_COMPLETE, cutoverAt=2026-07-25T18:08:45.863670600Z, message=ma is now using ID Platform for authentication, ssoEnabled=true}
2026-07-25T23:38:45.907+05:30  INFO 34700 --- [id-platform-test] [o-auto-1-exec-5] c.r.idplatform.service.MigrationService  : Starting rollback for site: ma
2026-07-25T23:38:45.911+05:30  INFO 34700 --- [id-platform-test] [o-auto-1-exec-5] c.r.idplatform.service.MigrationService  : Rollback complete for ma: {site=ma, phase=ROLLED_BACK, rollbackAt=2026-07-25T18:08:45.911461100Z, message=ma has been rolled back to legacy authentication, reverseSync=Password changes made during ID Platform phase have been synced to legacy DB}
]]></system-out>
  </testcase>
  <testcase name="dualWriteCreatesNewUser" classname="com.raksul.idplatform.MigrationControllerTests" time="0.036">
    <system-out><![CDATA[2026-07-25T23:38:45.955+05:30  INFO 34700 --- [id-platform-test] [o-auto-1-exec-6] c.r.idplatform.service.MigrationService  : Dual-write: processing dual@test.com for site: main
]]></system-out>
  </testcase>
  <testcase name="rollbackSetsPhaseToRolledBack" classname="com.raksul.idplatform.MigrationControllerTests" time="0.076">
    <system-out><![CDATA[2026-07-25T23:38:45.988+05:30  INFO 34700 --- [id-platform-test] [o-auto-1-exec-7] c.r.idplatform.service.MigrationService  : Starting bulk import for site: main with 1 users
2026-07-25T23:38:45.998+05:30  INFO 34700 --- [id-platform-test] [o-auto-1-exec-7] c.r.idplatform.service.MigrationService  : Imported new user: roll@test.com from main
2026-07-25T23:38:46.000+05:30  INFO 34700 --- [id-platform-test] [o-auto-1-exec-7] c.r.idplatform.service.MigrationService  : Bulk import complete for main: Import complete: 1 new, 0 merged, 0 conflicts out of 1 total
2026-07-25T23:38:46.014+05:30  INFO 34700 --- [id-platform-test] [o-auto-1-exec-8] c.r.idplatform.service.MigrationService  : Starting cutover for site: main
2026-07-25T23:38:46.016+05:30  INFO 34700 --- [id-platform-test] [o-auto-1-exec-8] c.r.idplatform.service.MigrationService  : Cutover complete for main: {site=main, phase=CUTOVER_COMPLETE, cutoverAt=2026-07-25T18:08:46.016531Z, message=main is now using ID Platform for authentication, ssoEnabled=true}
2026-07-25T23:38:46.030+05:30  INFO 34700 --- [id-platform-test] [o-auto-1-exec-9] c.r.idplatform.service.MigrationService  : Starting rollback for site: main
2026-07-25T23:38:46.039+05:30  INFO 34700 --- [id-platform-test] [o-auto-1-exec-9] c.r.idplatform.service.MigrationService  : Rollback complete for main: {site=main, phase=ROLLED_BACK, rollbackAt=2026-07-25T18:08:46.039986700Z, message=main has been rolled back to legacy authentication, reverseSync=Password changes made during ID Platform phase have been synced to legacy DB}
]]></system-out>
  </testcase>
  <testcase name="bulkImportSetsPhaseToNotStarted" classname="com.raksul.idplatform.MigrationControllerTests" time="0.042">
    <system-out><![CDATA[2026-07-25T23:38:46.065+05:30  INFO 34700 --- [id-platform-test] [-auto-1-exec-10] c.r.idplatform.service.MigrationService  : Starting bulk import for site: main with 1 users
2026-07-25T23:38:46.072+05:30  INFO 34700 --- [id-platform-test] [-auto-1-exec-10] c.r.idplatform.service.MigrationService  : Imported new user: phase@test.com from main
2026-07-25T23:38:46.072+05:30  INFO 34700 --- [id-platform-test] [-auto-1-exec-10] c.r.idplatform.service.MigrationService  : Bulk import complete for main: Import complete: 1 new, 0 merged, 0 conflicts out of 1 total
]]></system-out>
  </testcase>
  <testcase name="shadowValidationReturnsResult" classname="com.raksul.idplatform.MigrationControllerTests" time="0.066">
    <system-out><![CDATA[2026-07-25T23:38:46.112+05:30  INFO 34700 --- [id-platform-test] [o-auto-1-exec-2] c.r.idplatform.service.MigrationService  : Starting bulk import for site: main with 1 users
2026-07-25T23:38:46.123+05:30  INFO 34700 --- [id-platform-test] [o-auto-1-exec-2] c.r.idplatform.service.MigrationService  : Imported new user: shadow@test.com from main
2026-07-25T23:38:46.125+05:30  INFO 34700 --- [id-platform-test] [o-auto-1-exec-2] c.r.idplatform.service.MigrationService  : Bulk import complete for main: Import complete: 1 new, 0 merged, 0 conflicts out of 1 total
2026-07-25T23:38:46.149+05:30  WARN 34700 --- [id-platform-test] [o-auto-1-exec-3] o.s.s.c.bcrypt.BCryptPasswordEncoder     : Encoded password does not look like BCrypt
2026-07-25T23:38:46.149+05:30  INFO 34700 --- [id-platform-test] [o-auto-1-exec-3] c.r.idplatform.service.MigrationService  : Shadow validation for shadow@test.com: idPlatform=false
]]></system-out>
  </testcase>
  <testcase name="bulkImportCreatesUsers" classname="com.raksul.idplatform.MigrationControllerTests" time="0.044">
    <system-out><![CDATA[2026-07-25T23:38:46.188+05:30  INFO 34700 --- [id-platform-test] [o-auto-1-exec-4] c.r.idplatform.service.MigrationService  : Starting bulk import for site: main with 2 users
2026-07-25T23:38:46.194+05:30  INFO 34700 --- [id-platform-test] [o-auto-1-exec-4] c.r.idplatform.service.MigrationService  : Imported new user: import1@test.com from main
2026-07-25T23:38:46.197+05:30  INFO 34700 --- [id-platform-test] [o-auto-1-exec-4] c.r.idplatform.service.MigrationService  : Imported new user: import2@test.com from main
2026-07-25T23:38:46.199+05:30  INFO 34700 --- [id-platform-test] [o-auto-1-exec-4] c.r.idplatform.service.MigrationService  : Bulk import complete for main: Import complete: 2 new, 0 merged, 0 conflicts out of 2 total
]]></system-out>
  </testcase>
  <testcase name="cutoverSetsPhaseToComplete" classname="com.raksul.idplatform.MigrationControllerTests" time="0.064">
    <system-out><![CDATA[2026-07-25T23:38:46.220+05:30  INFO 34700 --- [id-platform-test] [o-auto-1-exec-5] c.r.idplatform.service.MigrationService  : Starting bulk import for site: main with 1 users
2026-07-25T23:38:46.236+05:30  INFO 34700 --- [id-platform-test] [o-auto-1-exec-5] c.r.idplatform.service.MigrationService  : Imported new user: cut@test.com from main
2026-07-25T23:38:46.236+05:30  INFO 34700 --- [id-platform-test] [o-auto-1-exec-5] c.r.idplatform.service.MigrationService  : Bulk import complete for main: Import complete: 1 new, 0 merged, 0 conflicts out of 1 total
2026-07-25T23:38:46.253+05:30  INFO 34700 --- [id-platform-test] [o-auto-1-exec-6] c.r.idplatform.service.MigrationService  : Starting cutover for site: main
2026-07-25T23:38:46.262+05:30  INFO 34700 --- [id-platform-test] [o-auto-1-exec-6] c.r.idplatform.service.MigrationService  : Cutover complete for main: {site=main, phase=CUTOVER_COMPLETE, cutoverAt=2026-07-25T18:08:46.262683Z, message=main is now using ID Platform for authentication, ssoEnabled=true}
]]></system-out>
  </testcase>
</testsuite>